<?xml version="1.0" encoding="UTF-8"?>
<testng-results ignored="0" total="1" passed="1" failed="0" skipped="0">
  <reporter-output>
  </reporter-output>
  <suite started-at="2023-02-27T16:46:08 IST" name="Default suite" finished-at="2023-02-27T16:46:11 IST" duration-ms="3113">
    <groups>
    </groups>
    <test started-at="2023-02-27T16:46:08 IST" name="Default test" finished-at="2023-02-27T16:46:11 IST" duration-ms="3113">
      <class name="SOAP_REQUEST_AUTOMATION.SoapRequest">
        <test-method signature="soaptest()[pri:0, instance:SOAP_REQUEST_AUTOMATION.SoapRequest@25d250c6]" started-at="2023-02-27T16:46:08 IST" name="soaptest" finished-at="2023-02-27T16:46:11 IST" duration-ms="3065" status="PASS">
          <reporter-output>
          </reporter-output>
        </test-method> <!-- soaptest -->
      </class> <!-- SOAP_REQUEST_AUTOMATION.SoapRequest -->
    </test> <!-- Default test -->
  </suite> <!-- Default suite -->
</testng-results>
